2020-04-21 17:32:00.7247 [DEBUG] Validating model...
2020-04-21 17:32:00.7886 [DEBUG] Model validated
2020-04-21 17:32:00.7896 [DEBUG] Authenticating with server...
2020-04-21 17:32:01.2664 [DEBUG] Connected to room. (122602:SceneFusion:SceneFusion)
2020-04-21 17:32:01.3094 [INFO] Connected to server.
2020-04-21 17:32:01.3114 [DEBUG] OS : Microsoft Windows NT 10.0.18363.0
2020-04-21 17:32:01.3114 [DEBUG] Unity Version : 2019.2.19f1
2020-04-21 17:32:01.3114 [DEBUG] Pro License : False
2020-04-21 17:32:01.3114 [DEBUG] Platform : WindowsEditor
2020-04-21 17:32:01.3124 [DEBUG] Build Target : StandaloneWindows64
2020-04-21 17:32:01.3124 [DEBUG] Scene Fusion version : 1.8.7
2020-04-21 17:32:01.3124 [DEBUG] Scene Fusion client build : 0
2020-04-21 17:32:01.3124 [DEBUG] User : joseatrejos@hotmail.com
2020-04-21 17:32:01.3124 [DEBUG] Waiting for server response
2020-04-21 17:32:01.3889 [DEBUG] Tier: Free, Permissions: 00000200
2020-04-21 17:32:01.3889 [DEBUG] User Permissions: FFFFFFFF
2020-04-21 17:32:02.1360 [DEBUG] No stand-in for UnityEngine.LocalizationAsset
2020-04-21 17:32:02.1360 [DEBUG] No stand-in for UnityEngine.ProceduralMaterial
2020-04-21 17:32:02.1360 [DEBUG] No stand-in for UnityEngine.ProceduralTexture
2020-04-21 17:32:02.1360 [DEBUG] No stand-in for UnityEngine.TerrainLayer
2020-04-21 17:32:02.1370 [DEBUG] No stand-in for UnityEngine.Experimental.VFX.VisualEffectAsset
2020-04-21 17:32:02.3974 [DEBUG] Uploading scene 'level01'
2020-04-21 17:32:02.5134 [DEBUG] Spawn request. (Objects: 11)
2020-04-21 17:32:02.6686 [DEBUG] Loading complete
2020-04-21 17:32:07.1163 [DEBUG] Disconnecting from room (122602:SceneFusion:SceneFusion)
2020-04-21 17:32:07.1223 [INFO] Disconnected from server.
2020-04-21 17:32:07.1233 [DEBUG] Disconnect. (Duration: 5)
