2020-04-20 23:02:24.0410 [DEBUG] Validating model...
2020-04-20 23:02:24.1050 [DEBUG] Model validated
2020-04-20 23:02:24.1060 [DEBUG] Authenticating with server...
2020-04-20 23:02:24.5804 [DEBUG] Connected to room. (122585:SceneFusion:SceneFusion)
2020-04-20 23:02:24.5824 [INFO] Connected to server.
2020-04-20 23:02:24.5844 [DEBUG] OS : Microsoft Windows NT 10.0.18363.0
2020-04-20 23:02:24.5844 [DEBUG] Unity Version : 2019.2.19f1
2020-04-20 23:02:24.5844 [DEBUG] Pro License : False
2020-04-20 23:02:24.5844 [DEBUG] Platform : WindowsEditor
2020-04-20 23:02:24.5844 [DEBUG] Build Target : StandaloneWindows64
2020-04-20 23:02:24.5844 [DEBUG] Scene Fusion version : 1.8.7
2020-04-20 23:02:24.5854 [DEBUG] Scene Fusion client build : 0
2020-04-20 23:02:24.5854 [DEBUG] User : joseatrejos@hotmail.com
2020-04-20 23:02:24.5854 [DEBUG] Waiting for server response
2020-04-20 23:02:24.6846 [DEBUG] Tier: Free, Permissions: 00000200
2020-04-20 23:02:24.6846 [DEBUG] User Permissions: FFFFFFFF
2020-04-20 23:02:25.3237 [DEBUG] No stand-in for UnityEngine.LocalizationAsset
2020-04-20 23:02:25.3237 [DEBUG] No stand-in for UnityEngine.ProceduralMaterial
2020-04-20 23:02:25.3247 [DEBUG] No stand-in for UnityEngine.ProceduralTexture
2020-04-20 23:02:25.3247 [DEBUG] No stand-in for UnityEngine.TerrainLayer
2020-04-20 23:02:25.3247 [DEBUG] No stand-in for UnityEngine.Experimental.VFX.VisualEffectAsset
2020-04-20 23:02:25.6797 [DEBUG] Uploading scene 'level01'
2020-04-20 23:02:25.7917 [DEBUG] Compressing scene data
2020-04-20 23:02:25.8627 [DEBUG] Spawn request. (Objects: 12)
2020-04-20 23:02:25.9946 [DEBUG] Loading complete
2020-04-20 23:02:29.1968 [DEBUG] Disconnecting temporarily to recompile.
2020-04-20 23:02:29.1978 [DEBUG] Disconnecting from room (122585:SceneFusion:SceneFusion)
2020-04-20 23:02:29.2018 [INFO] Disconnected from server.
2020-04-20 23:02:29.2028 [DEBUG] Disconnect. (Duration: 3)
