2020-04-22 00:38:45.6081 [DEBUG] Scene Fusion version 1.8.7-0
2020-04-22 00:39:12.1468 [DEBUG] Scene Fusion version 1.8.7-0
2020-04-22 00:39:12.8714 [DEBUG] Play mode: True, sync in play mode: False
2020-04-22 00:40:38.0316 [DEBUG] Play mode: False
2020-04-22 00:40:41.5052 [DEBUG] Scene Fusion version 1.8.7-0
2020-04-22 00:40:41.6678 [DEBUG] Play mode: True, sync in play mode: False
2020-04-22 00:40:57.8210 [DEBUG] Play mode: False
2020-04-22 00:41:56.6184 [DEBUG] Scene Fusion version 1.8.7-0
2020-04-22 00:42:00.0322 [DEBUG] Scene Fusion version 1.8.7-0
2020-04-22 00:42:00.1718 [DEBUG] Play mode: True, sync in play mode: False
2020-04-22 00:42:07.3515 [DEBUG] Play mode: False
2020-04-22 00:42:53.0801 [DEBUG] Scene Fusion version 1.8.7-0
2020-04-22 00:55:41.3224 [DEBUG] Scene Fusion version 1.8.7-0
2020-04-22 00:58:39.2019 [DEBUG] Scene Fusion version 1.8.7-0
2020-04-22 00:58:50.5078 [DEBUG] Scene Fusion version 1.8.7-0
2020-04-22 00:58:50.6654 [DEBUG] Play mode: True, sync in play mode: False
2020-04-22 00:58:54.2578 [ERROR] NullReferenceException: Object reference not set to an instance of an object
Party.SwapLeader () (at Assets/Scripts/Party.cs:62)
GameManager.Update () (at Assets/Scripts/GameManager.cs:26)

2020-04-22 00:58:57.0992 [ERROR] NullReferenceException: Object reference not set to an instance of an object
Party.SwapLeader () (at Assets/Scripts/Party.cs:62)
GameManager.Update () (at Assets/Scripts/GameManager.cs:26)

2020-04-22 01:02:18.3977 [DEBUG] Scene Fusion version 1.8.7-0
2020-04-22 01:02:19.4915 [DEBUG] Play mode: False
2020-04-22 01:02:22.2654 [DEBUG] Scene Fusion version 1.8.7-0
2020-04-22 01:02:22.4355 [DEBUG] Play mode: True, sync in play mode: False
2020-04-22 01:02:26.0703 [ERROR] NullReferenceException: Object reference not set to an instance of an object
Party.SwapLeader () (at Assets/Scripts/Party.cs:62)
GameManager.Update () (at Assets/Scripts/GameManager.cs:26)

2020-04-22 01:02:36.6942 [DEBUG] Play mode: False
2020-04-22 01:02:56.9075 [DEBUG] Scene Fusion version 1.8.7-0
2020-04-22 01:03:00.5780 [DEBUG] Scene Fusion version 1.8.7-0
2020-04-22 01:03:00.7242 [DEBUG] Play mode: True, sync in play mode: False
2020-04-22 01:03:01.8319 [ERROR] NullReferenceException: Object reference not set to an instance of an object
Party.SwapLeader () (at Assets/Scripts/Party.cs:62)
GameManager.Update () (at Assets/Scripts/GameManager.cs:26)

2020-04-22 01:03:04.2640 [DEBUG] Play mode: False
2020-04-22 01:06:16.7886 [DEBUG] Scene Fusion version 1.8.7-0
2020-04-22 01:06:20.3331 [DEBUG] Scene Fusion version 1.8.7-0
2020-04-22 01:06:20.4744 [DEBUG] Play mode: True, sync in play mode: False
2020-04-22 01:06:21.4537 [ERROR] NullReferenceException: Object reference not set to an instance of an object
Party.SwapLeader () (at Assets/Scripts/Party.cs:62)
GameManager.Update () (at Assets/Scripts/GameManager.cs:26)

2020-04-22 01:06:29.6159 [DEBUG] Play mode: False
2020-04-22 01:09:44.6160 [DEBUG] Scene Fusion version 1.8.7-0
2020-04-22 01:09:58.5961 [DEBUG] Scene Fusion version 1.8.7-0
2020-04-22 01:11:00.1080 [DEBUG] Scene Fusion version 1.8.7-0
2020-04-22 01:11:22.9149 [DEBUG] Scene Fusion version 1.8.7-0
2020-04-22 01:11:23.0675 [DEBUG] Play mode: True, sync in play mode: False
2020-04-22 01:11:38.0600 [DEBUG] Play mode: False
2020-04-22 01:11:50.3166 [DEBUG] Scene Fusion version 1.8.7-0
2020-04-22 01:11:54.0998 [DEBUG] Scene Fusion version 1.8.7-0
2020-04-22 01:11:54.2583 [DEBUG] Play mode: True, sync in play mode: False
2020-04-22 01:12:05.9389 [DEBUG] Play mode: False
2020-04-22 01:16:27.6379 [DEBUG] Scene Fusion version 1.8.7-0
2020-04-22 01:16:27.7999 [DEBUG] Play mode: True, sync in play mode: False
2020-04-22 01:16:40.0081 [DEBUG] Play mode: False
2020-04-22 01:17:05.2526 [DEBUG] Scene Fusion version 1.8.7-0
2020-04-22 01:17:05.4509 [DEBUG] Play mode: True, sync in play mode: False
2020-04-22 01:17:52.2619 [DEBUG] Play mode: False
2020-04-22 01:18:27.9203 [DEBUG] Scene Fusion version 1.8.7-0
2020-04-22 01:18:28.0749 [DEBUG] Play mode: True, sync in play mode: False
2020-04-22 01:18:43.2771 [DEBUG] Play mode: False
2020-04-22 01:18:46.1444 [DEBUG] Scene Fusion version 1.8.7-0
2020-04-22 01:18:46.3010 [DEBUG] Play mode: True, sync in play mode: False
2020-04-22 01:19:15.4504 [DEBUG] Play mode: False
2020-04-22 01:19:18.3541 [DEBUG] Scene Fusion version 1.8.7-0
2020-04-22 01:19:18.5060 [DEBUG] Play mode: True, sync in play mode: False
2020-04-22 01:19:36.9017 [DEBUG] Scene Fusion version 1.8.7-0
2020-04-22 01:19:38.3527 [DEBUG] Play mode: False
2020-04-22 01:19:41.0875 [DEBUG] Scene Fusion version 1.8.7-0
2020-04-22 01:19:41.2451 [DEBUG] Play mode: True, sync in play mode: False
2020-04-22 01:20:23.7745 [DEBUG] Play mode: False
2020-04-22 01:20:26.7096 [DEBUG] Scene Fusion version 1.8.7-0
2020-04-22 01:20:26.8642 [DEBUG] Play mode: True, sync in play mode: False
2020-04-22 01:20:33.1943 [DEBUG] Play mode: False
2020-04-22 01:23:16.2387 [DEBUG] Scene Fusion version 1.8.7-0
2020-04-22 01:23:20.9293 [DEBUG] Scene Fusion version 1.8.7-0
2020-04-22 01:23:21.0797 [DEBUG] Play mode: True, sync in play mode: False
2020-04-22 01:23:43.2474 [DEBUG] Play mode: False
2020-04-22 01:24:09.4484 [DEBUG] Scene Fusion version 1.8.7-0
2020-04-22 01:24:09.6182 [DEBUG] Play mode: True, sync in play mode: False
2020-04-22 01:24:19.8171 [DEBUG] Play mode: False
2020-04-22 01:24:40.7707 [DEBUG] Scene Fusion version 1.8.7-0
2020-04-22 01:24:44.3342 [DEBUG] Scene Fusion version 1.8.7-0
2020-04-22 01:24:44.4758 [DEBUG] Play mode: True, sync in play mode: False
2020-04-22 01:24:59.4816 [DEBUG] Play mode: False
2020-04-22 01:25:58.3168 [DEBUG] Scene Fusion version 1.8.7-0
2020-04-22 01:25:58.4904 [DEBUG] Play mode: True, sync in play mode: False
2020-04-22 01:26:15.3758 [DEBUG] Play mode: False
2020-04-22 01:27:19.8158 [DEBUG] Scene Fusion version 1.8.7-0
2020-04-22 01:27:19.9994 [DEBUG] Play mode: True, sync in play mode: False
2020-04-22 01:27:27.5299 [DEBUG] Play mode: False
